{"synthetic": false,
 "schemaVersion": "2025-09-10",
 "outputs":
 {"o": ["b723d922d0958fc1.olean"],
  "i": "0076320c8afafb66.ilean",
  "c": "a7001f200b2a4846.c"},
 "log":
 [{"message":
   ".> LEAN_PATH=C:\\Users\\duran\\eru-upgrade\\.lake\\packages\\Cli\\.lake\\build\\lib\\lean;C:\\Users\\duran\\eru-upgrade\\.lake\\packages\\batteries\\.lake\\build\\lib\\lean;C:\\Users\\duran\\eru-upgrade\\.lake\\packages\\Qq\\.lake\\build\\lib\\lean;C:\\Users\\duran\\eru-upgrade\\.lake\\packages\\aesop\\.lake\\build\\lib\\lean;C:\\Users\\duran\\eru-upgrade\\.lake\\packages\\proofwidgets\\.lake\\build\\lib\\lean;C:\\Users\\duran\\eru-upgrade\\.lake\\packages\\importGraph\\.lake\\build\\lib\\lean;C:\\Users\\duran\\eru-upgrade\\.lake\\packages\\LeanSearchClient\\.lake\\build\\lib\\lean;C:\\Users\\duran\\eru-upgrade\\.lake\\packages\\plausible\\.lake\\build\\lib\\lean;C:\\Users\\duran\\eru-upgrade\\.lake\\packages\\mathlib\\.lake\\build\\lib\\lean;C:\\Users\\duran\\eru-upgrade\\.lake\\build\\lib\\lean c:\\Users\\duran\\.elan\\toolchains\\leanprover--lean4---v4.25.0-rc2\\bin\\lean.exe -R C:\\Users\\duran\\eru-upgrade\\staging\\ERURH_Staging=ERURH_Staging C:\\Users\\duran\\eru-upgrade\\staging\\ERURH_Staging\\LambdaMsamp_tail.lean -o C:\\Users\\duran\\eru-upgrade\\.lake\\build\\lib\\lean\\ERURH_Staging\\LambdaMsamp_tail.olean -i C:\\Users\\duran\\eru-upgrade\\.lake\\build\\lib\\lean\\ERURH_Staging\\LambdaMsamp_tail.ilean -c C:\\Users\\duran\\eru-upgrade\\.lake\\build\\ir\\ERURH_Staging\\LambdaMsamp_tail.c --setup C:\\Users\\duran\\eru-upgrade\\.lake\\build\\ir\\ERURH_Staging\\LambdaMsamp_tail.setup.json --json",
   "level": "trace"}],
 "inputs":
 [["ERURH_Staging.LambdaMsamp_tail:deps",
   [["deps",
     [["eruUpgrade/ERURH_Staging:extraDep",
       [["@eruUpgrade:extraDep", "00000000000006bb"]]],
      ["imports",
       [["ERURH_Staging.AbsNotation transitive imports (legacy)",
         "f7341fe37c772101"],
        ["ERURH_Staging.AbsNotation:importAllArts", "09a38d7937fd250e"],
        ["ERURH.XiCore transitive imports (legacy)", "7b78c111f276916e"],
        ["ERURH.XiCore:importAllArts", "b58b2e13ab2b5722"],
        ["ERURH.Numeric.Semantics transitive imports (legacy)",
         "8a90d9840a5dcea8"],
        ["ERURH.Numeric.Semantics:importAllArts", "a0f7d1b2a28a6c06"]]]]],
    ["libs",
     [["import dynlibs", "00000000000006bb"],
      ["package external libraries", "00000000000006bb"],
      ["module dynlibs", "00000000000006bb"],
      ["module plugins", "00000000000006bb"]]]]],
  ["Lean 4.25.0, commit 744f98064b056ee27fc8c97f524797c8cc96f436",
   "4bbac11c6209e48b"],
  ["C:\\Users\\duran\\eru-upgrade\\staging\\ERURH_Staging\\LambdaMsamp_tail.lean",
   "cb71c83d5e899b80"],
  ["options", "00000000000006bb"],
  ["Module.leanArgs: #[-R, C:\\Users\\duran\\eru-upgrade\\staging\\ERURH_Staging=ERURH_Staging]",
   "1aa5feeb7f03338b"]],
 "depHash": "3fd2bf92d60461f5"}