{"synthetic": false,
 "schemaVersion": "2025-09-10",
 "outputs":
 {"o": ["e69dd21e5924e68b.olean"],
  "i": "cb77e573b80ab135.ilean",
  "c": "9beb5bc73998913e.c"},
 "log":
 [{"message":
   ".> LEAN_PATH=C:\\dev\\RH_demo_clean\\.lake\\packages\\Cli\\.lake\\build\\lib\\lean;C:\\dev\\RH_demo_clean\\.lake\\packages\\batteries\\.lake\\build\\lib\\lean;C:\\dev\\RH_demo_clean\\.lake\\packages\\Qq\\.lake\\build\\lib\\lean;C:\\dev\\RH_demo_clean\\.lake\\packages\\aesop\\.lake\\build\\lib\\lean;C:\\dev\\RH_demo_clean\\.lake\\packages\\proofwidgets\\.lake\\build\\lib\\lean;C:\\dev\\RH_demo_clean\\.lake\\packages\\importGraph\\.lake\\build\\lib\\lean;C:\\dev\\RH_demo_clean\\.lake\\packages\\LeanSearchClient\\.lake\\build\\lib\\lean;C:\\dev\\RH_demo_clean\\.lake\\packages\\plausible\\.lake\\build\\lib\\lean;C:\\dev\\RH_demo_clean\\.lake\\packages\\mathlib\\.lake\\build\\lib\\lean;C:\\dev\\RH_demo_clean\\.lake\\build\\lib\\lean c:\\Users\\duran\\.elan\\toolchains\\leanprover--lean4---v4.25.0-rc2\\bin\\lean.exe C:\\dev\\RH_demo_clean\\lean\\formal_proofs\\ERURH\\AlphaInterfaces.lean -o C:\\dev\\RH_demo_clean\\.lake\\build\\lib\\lean\\ERURH\\AlphaInterfaces.olean -i C:\\dev\\RH_demo_clean\\.lake\\build\\lib\\lean\\ERURH\\AlphaInterfaces.ilean -c C:\\dev\\RH_demo_clean\\.lake\\build\\ir\\ERURH\\AlphaInterfaces.c --setup C:\\dev\\RH_demo_clean\\.lake\\build\\ir\\ERURH\\AlphaInterfaces.setup.json --json",
   "level": "trace"},
  {"message":
   "lean/formal_proofs/ERURH/AlphaInterfaces.lean:54:8: This simp argument is unused:\n  AlphaPsi_is_classicalPsi\n\nHint: Omit it from the simp argument list.\n  simp [AlphaPsi_̵i̵s̵_̵c̵l̵a̵s̵s̵i̵c̵a̵l̵P̵s̵i̵,̵ ̵A̵l̵p̵h̵a̵P̵s̵i̵.psi_eq_nt]\n\nNote: This linter can be disabled with `set_option linter.unusedSimpArgs false`",
   "level": "warning"},
  {"message":
   "lean/formal_proofs/ERURH/AlphaInterfaces.lean:64:2: try 'simp' instead of 'simpa'\n\nNote: This linter can be disabled with `set_option linter.unnecessarySimpa false`",
   "level": "warning"}],
 "inputs":
 [["ERURH.AlphaInterfaces:deps",
   [["deps",
     [["eruUpgrade/ERURH:extraDep",
       [["@eruUpgrade:extraDep", "00000000000006bb"]]],
      ["imports",
       [["Mathlib transitive imports (legacy)", "219f0ed9b2c3db67"],
        ["Mathlib:importAllArts", "df1cb5b10cdbedab"],
        ["ERURH.Inertia transitive imports (legacy)", "e94b01d73e548182"],
        ["ERURH.Inertia:importAllArts", "91e7178d5b45bbc7"],
        ["ERURH.RH transitive imports (legacy)", "cc82ba57b80628b3"],
        ["ERURH.RH:importAllArts", "7293ff7a8c67e15d"],
        ["ERURH.ZetaLink transitive imports (legacy)", "b3cc71511832cb4a"],
        ["ERURH.ZetaLink:importAllArts", "4bff14cb4cbeb780"],
        ["ERURH.PsiLayer transitive imports (legacy)", "cc82ba57b80628b3"],
        ["ERURH.PsiLayer:importAllArts", "d351e5d9a1f28ca6"],
        ["ERURH.PsiLayerClassical transitive imports (legacy)",
         "d9a2a21982ba7be3"],
        ["ERURH.PsiLayerClassical:importAllArts", "326e391e1fadd753"],
        ["ERURH.ExplicitBridge transitive imports (legacy)",
         "5ca7e84ae4cabe96"],
        ["ERURH.ExplicitBridge:importAllArts", "6eb10d00b7a17b5f"],
        ["ERURH.BoundsConfig transitive imports (legacy)", "98d88f5e30d78329"],
        ["ERURH.BoundsConfig:importAllArts", "e3d5205478008bde"],
        ["ERURH.FluxWindows transitive imports (legacy)", "4e4d7b9a77652b71"],
        ["ERURH.FluxWindows:importAllArts", "d78097f343dc0371"],
        ["ERURH.NumberTheory.Chebyshev transitive imports (legacy)",
         "5bf7b54ced8f49b9"],
        ["ERURH.NumberTheory.Chebyshev:importAllArts", "1f3d863e6a5570c9"],
        ["ERURH.AnalyticWitness transitive imports (legacy)",
         "e2157656589cb679"],
        ["ERURH.AnalyticWitness:importAllArts", "f7256d46f54ed4f2"],
        ["ERURH.XiCore transitive imports (legacy)", "13e14b67a8fea827"],
        ["ERURH.XiCore:importAllArts", "b58b2e13ab2b5722"],
        ["ERURH.XiPrefactor transitive imports (legacy)", "178a098fb4c259d5"],
        ["ERURH.XiPrefactor:importAllArts", "0e2bd96a93227185"],
        ["ERURH.XiZetaIface transitive imports (legacy)", "22b1aa48feec1f2a"],
        ["ERURH.XiZetaIface:importAllArts", "19224b8e7034b74f"],
        ["ERURH.XiWitnessAssembly transitive imports (legacy)",
         "7e08ed86630c9719"],
        ["ERURH.XiWitnessAssembly:importAllArts", "684a7a6aedde700d"],
        ["ERURH.BridgeToRH transitive imports (legacy)", "45f228b3e2f14361"],
        ["ERURH.BridgeToRH:importAllArts", "e34d9be948356f17"],
        ["ERURH.ERUTheory transitive imports (legacy)", "655cd128b6874b15"],
        ["ERURH.ERUTheory:importAllArts", "4e35c416be325766"],
        ["ERURH.ComplexAbsCompat transitive imports (legacy)",
         "cc82ba57b80628b3"],
        ["ERURH.ComplexAbsCompat:importAllArts", "8be99167dfd39bf0"]]]]],
    ["libs",
     [["import dynlibs", "00000000000006bb"],
      ["package external libraries", "00000000000006bb"],
      ["module dynlibs", "00000000000006bb"],
      ["module plugins", "00000000000006bb"]]]]],
  ["Lean 4.25.0, commit 744f98064b056ee27fc8c97f524797c8cc96f436",
   "4bbac11c6209e48b"],
  ["C:\\dev\\RH_demo_clean\\lean\\formal_proofs\\ERURH\\AlphaInterfaces.lean",
   "077f9ee8fa3acc1d"],
  ["options", "00000000000006bb"],
  ["Module.leanArgs: #[]", "00000000000006bb"]],
 "depHash": "a440fe0ee7c4e1ab"}