{"synthetic": false,
 "schemaVersion": "2025-09-10",
 "outputs":
 {"o": ["610b62d2e70625f8.olean"],
  "i": "6d76a4b38fc72fbc.ilean",
  "c": "831806af3dcb280b.c"},
 "log":
 [{"message":
   ".> LEAN_PATH=C:\\dev\\RH_demo_clean\\.lake\\packages\\Cli\\.lake\\build\\lib\\lean;C:\\dev\\RH_demo_clean\\.lake\\packages\\batteries\\.lake\\build\\lib\\lean;C:\\dev\\RH_demo_clean\\.lake\\packages\\Qq\\.lake\\build\\lib\\lean;C:\\dev\\RH_demo_clean\\.lake\\packages\\aesop\\.lake\\build\\lib\\lean;C:\\dev\\RH_demo_clean\\.lake\\packages\\proofwidgets\\.lake\\build\\lib\\lean;C:\\dev\\RH_demo_clean\\.lake\\packages\\importGraph\\.lake\\build\\lib\\lean;C:\\dev\\RH_demo_clean\\.lake\\packages\\LeanSearchClient\\.lake\\build\\lib\\lean;C:\\dev\\RH_demo_clean\\.lake\\packages\\plausible\\.lake\\build\\lib\\lean;C:\\dev\\RH_demo_clean\\.lake\\packages\\mathlib\\.lake\\build\\lib\\lean;C:\\dev\\RH_demo_clean\\.lake\\build\\lib\\lean c:\\Users\\duran\\.elan\\toolchains\\leanprover--lean4---v4.25.0-rc2\\bin\\lean.exe C:\\dev\\RH_demo_clean\\lean\\formal_proofs\\ERURH\\BridgeScaffold.lean -o C:\\dev\\RH_demo_clean\\.lake\\build\\lib\\lean\\ERURH\\BridgeScaffold.olean -i C:\\dev\\RH_demo_clean\\.lake\\build\\lib\\lean\\ERURH\\BridgeScaffold.ilean -c C:\\dev\\RH_demo_clean\\.lake\\build\\ir\\ERURH\\BridgeScaffold.c --setup C:\\dev\\RH_demo_clean\\.lake\\build\\ir\\ERURH\\BridgeScaffold.setup.json --json",
   "level": "trace"}],
 "inputs":
 [["ERURH.BridgeScaffold:deps",
   [["deps",
     [["eruUpgrade/ERURH:extraDep",
       [["@eruUpgrade:extraDep", "00000000000006bb"]]],
      ["imports",
       [["Mathlib transitive imports (legacy)", "219f0ed9b2c3db67"],
        ["Mathlib:importAllArts", "df1cb5b10cdbedab"],
        ["ERURH.BridgeCore transitive imports (legacy)", "cc82ba57b80628b3"],
        ["ERURH.BridgeCore:importAllArts", "0189eef27053a74d"],
        ["ERURH.Inertia transitive imports (legacy)", "e94b01d73e548182"],
        ["ERURH.Inertia:importAllArts", "91e7178d5b45bbc7"]]]]],
    ["libs",
     [["import dynlibs", "00000000000006bb"],
      ["package external libraries", "00000000000006bb"],
      ["module dynlibs", "00000000000006bb"],
      ["module plugins", "00000000000006bb"]]]]],
  ["Lean 4.25.0, commit 744f98064b056ee27fc8c97f524797c8cc96f436",
   "4bbac11c6209e48b"],
  ["C:\\dev\\RH_demo_clean\\lean\\formal_proofs\\ERURH\\BridgeScaffold.lean",
   "e030196b1264b2d9"],
  ["options", "00000000000006bb"],
  ["Module.leanArgs: #[]", "00000000000006bb"]],
 "depHash": "39a6a67a0bfd6607"}