{"synthetic": false,
 "schemaVersion": "2025-09-10",
 "outputs":
 {"o": ["b2875b6ff6d96df3.olean"],
  "i": "7e77394a2297bcd0.ilean",
  "c": "23e2965658ffb9b1.c"},
 "log":
 [{"message":
   ".> LEAN_PATH=C:\\Users\\duran\\eru-upgrade\\.lake\\packages\\Cli\\.lake\\build\\lib\\lean;C:\\Users\\duran\\eru-upgrade\\.lake\\packages\\batteries\\.lake\\build\\lib\\lean;C:\\Users\\duran\\eru-upgrade\\.lake\\packages\\Qq\\.lake\\build\\lib\\lean;C:\\Users\\duran\\eru-upgrade\\.lake\\packages\\aesop\\.lake\\build\\lib\\lean;C:\\Users\\duran\\eru-upgrade\\.lake\\packages\\proofwidgets\\.lake\\build\\lib\\lean;C:\\Users\\duran\\eru-upgrade\\.lake\\packages\\importGraph\\.lake\\build\\lib\\lean;C:\\Users\\duran\\eru-upgrade\\.lake\\packages\\LeanSearchClient\\.lake\\build\\lib\\lean;C:\\Users\\duran\\eru-upgrade\\.lake\\packages\\plausible\\.lake\\build\\lib\\lean;C:\\Users\\duran\\eru-upgrade\\.lake\\packages\\mathlib\\.lake\\build\\lib\\lean;C:\\Users\\duran\\eru-upgrade\\.lake\\build\\lib\\lean c:\\Users\\duran\\.elan\\toolchains\\leanprover--lean4---v4.25.0-rc2\\bin\\lean.exe C:\\Users\\duran\\eru-upgrade\\formal_proofs\\ERURH\\CertificateValues.lean -o C:\\Users\\duran\\eru-upgrade\\.lake\\build\\lib\\lean\\ERURH\\CertificateValues.olean -i C:\\Users\\duran\\eru-upgrade\\.lake\\build\\lib\\lean\\ERURH\\CertificateValues.ilean -c C:\\Users\\duran\\eru-upgrade\\.lake\\build\\ir\\ERURH\\CertificateValues.c --setup C:\\Users\\duran\\eru-upgrade\\.lake\\build\\ir\\ERURH\\CertificateValues.setup.json --json",
   "level": "trace"}],
 "inputs":
 [["ERURH.CertificateValues:deps",
   [["deps",
     [["eruUpgrade/ERURH:extraDep",
       [["@eruUpgrade:extraDep", "00000000000006bb"]]],
      ["imports",
       [["Mathlib.Tactic.FieldSimp transitive imports (legacy)",
         "257a1667d33d6bb5"],
        ["Mathlib.Tactic.FieldSimp:importAllArts", "964f02debc3e47ce"],
        ["Mathlib.Tactic.NormNum transitive imports (legacy)",
         "2e4ecc5ad4d0f575"],
        ["Mathlib.Tactic.NormNum:importAllArts", "17ff3fb2a3dc8a13"],
        ["ERURH.RationalBounds transitive imports (legacy)",
         "4242a7a44d5313ed"],
        ["ERURH.RationalBounds:importAllArts", "5185e032ec9d7dbb"],
        ["ERURH.Certificate transitive imports (legacy)", "3b68b86e0d6c1f00"],
        ["ERURH.Certificate:importAllArts", "c8b0f25154928849"],
        ["ERURH.LemmaAContraction transitive imports (legacy)",
         "62bbdb39ed8fc81f"],
        ["ERURH.LemmaAContraction:importAllArts", "e86ac006f718d14f"],
        ["ERURH.LemmaBEnergy transitive imports (legacy)", "62bbdb39ed8fc81f"],
        ["ERURH.LemmaBEnergy:importAllArts", "536485c20582625e"]]]]],
    ["libs",
     [["import dynlibs", "00000000000006bb"],
      ["package external libraries", "00000000000006bb"],
      ["module dynlibs", "00000000000006bb"],
      ["module plugins", "00000000000006bb"]]]]],
  ["Lean 4.25.0, commit 744f98064b056ee27fc8c97f524797c8cc96f436",
   "4bbac11c6209e48b"],
  ["C:\\Users\\duran\\eru-upgrade\\formal_proofs\\ERURH\\CertificateValues.lean",
   "d6c936863a43e940"],
  ["options", "00000000000006bb"],
  ["Module.leanArgs: #[]", "00000000000006bb"]],
 "depHash": "9acc7046f82d2621"}