{"synthetic": false,
 "schemaVersion": "2025-09-10",
 "outputs":
 {"o": ["8ec8f8d0b1ec536c.olean"],
  "i": "ccc3b3e09a4fa495.ilean",
  "c": "180615af1de9aacb.c"},
 "log":
 [{"message":
   ".> LEAN_PATH=C:\\dev\\RH_demo_clean\\.lake\\packages\\Cli\\.lake\\build\\lib\\lean;C:\\dev\\RH_demo_clean\\.lake\\packages\\batteries\\.lake\\build\\lib\\lean;C:\\dev\\RH_demo_clean\\.lake\\packages\\Qq\\.lake\\build\\lib\\lean;C:\\dev\\RH_demo_clean\\.lake\\packages\\aesop\\.lake\\build\\lib\\lean;C:\\dev\\RH_demo_clean\\.lake\\packages\\proofwidgets\\.lake\\build\\lib\\lean;C:\\dev\\RH_demo_clean\\.lake\\packages\\importGraph\\.lake\\build\\lib\\lean;C:\\dev\\RH_demo_clean\\.lake\\packages\\LeanSearchClient\\.lake\\build\\lib\\lean;C:\\dev\\RH_demo_clean\\.lake\\packages\\plausible\\.lake\\build\\lib\\lean;C:\\dev\\RH_demo_clean\\.lake\\packages\\mathlib\\.lake\\build\\lib\\lean;C:\\dev\\RH_demo_clean\\.lake\\build\\lib\\lean c:\\Users\\duran\\.elan\\toolchains\\leanprover--lean4---v4.25.0-rc2\\bin\\lean.exe C:\\dev\\RH_demo_clean\\lean\\formal_proofs\\ERURH\\ERUTheory.lean -o C:\\dev\\RH_demo_clean\\.lake\\build\\lib\\lean\\ERURH\\ERUTheory.olean -i C:\\dev\\RH_demo_clean\\.lake\\build\\lib\\lean\\ERURH\\ERUTheory.ilean -c C:\\dev\\RH_demo_clean\\.lake\\build\\ir\\ERURH\\ERUTheory.c --setup C:\\dev\\RH_demo_clean\\.lake\\build\\ir\\ERURH\\ERUTheory.setup.json --json",
   "level": "trace"},
  {"message":
   "lean/formal_proofs/ERURH/ERUTheory.lean:10:29: `structure ... :=` has been deprecated in favor of `structure ... where`.\n\nNote: This linter can be disabled with `set_option linter.deprecated false`",
   "level": "warning"}],
 "inputs":
 [["ERURH.ERUTheory:deps",
   [["deps",
     [["eruUpgrade/ERURH:extraDep",
       [["@eruUpgrade:extraDep", "00000000000006bb"]]],
      ["imports",
       [["ERURH.BridgeToRH transitive imports (legacy)", "45f228b3e2f14361"],
        ["ERURH.BridgeToRH:importAllArts", "e34d9be948356f17"],
        ["ERURH.Inertia transitive imports (legacy)", "e94b01d73e548182"],
        ["ERURH.Inertia:importAllArts", "91e7178d5b45bbc7"],
        ["ERURH.PsiLayer transitive imports (legacy)", "cc82ba57b80628b3"],
        ["ERURH.PsiLayer:importAllArts", "d351e5d9a1f28ca6"],
        ["ERURH.ExplicitBridge transitive imports (legacy)",
         "5ca7e84ae4cabe96"],
        ["ERURH.ExplicitBridge:importAllArts", "6eb10d00b7a17b5f"]]]]],
    ["libs",
     [["import dynlibs", "00000000000006bb"],
      ["package external libraries", "00000000000006bb"],
      ["module dynlibs", "00000000000006bb"],
      ["module plugins", "00000000000006bb"]]]]],
  ["Lean 4.25.0, commit 744f98064b056ee27fc8c97f524797c8cc96f436",
   "4bbac11c6209e48b"],
  ["C:\\dev\\RH_demo_clean\\lean\\formal_proofs\\ERURH\\ERUTheory.lean",
   "0601e713735d1870"],
  ["options", "00000000000006bb"],
  ["Module.leanArgs: #[]", "00000000000006bb"]],
 "depHash": "74f60779ce3b2115"}