{"synthetic": false,
 "schemaVersion": "2025-09-10",
 "outputs":
 {"o": ["0bd5386d8e7b6631.olean"],
  "i": "ef641dd2b32cd927.ilean",
  "c": "099428f6da44e239.c"},
 "log":
 [{"message":
   ".> LEAN_PATH=C:\\dev\\RH_demo_clean\\.lake\\packages\\Cli\\.lake\\build\\lib\\lean;C:\\dev\\RH_demo_clean\\.lake\\packages\\batteries\\.lake\\build\\lib\\lean;C:\\dev\\RH_demo_clean\\.lake\\packages\\Qq\\.lake\\build\\lib\\lean;C:\\dev\\RH_demo_clean\\.lake\\packages\\aesop\\.lake\\build\\lib\\lean;C:\\dev\\RH_demo_clean\\.lake\\packages\\proofwidgets\\.lake\\build\\lib\\lean;C:\\dev\\RH_demo_clean\\.lake\\packages\\importGraph\\.lake\\build\\lib\\lean;C:\\dev\\RH_demo_clean\\.lake\\packages\\LeanSearchClient\\.lake\\build\\lib\\lean;C:\\dev\\RH_demo_clean\\.lake\\packages\\plausible\\.lake\\build\\lib\\lean;C:\\dev\\RH_demo_clean\\.lake\\packages\\mathlib\\.lake\\build\\lib\\lean;C:\\dev\\RH_demo_clean\\.lake\\build\\lib\\lean c:\\Users\\duran\\.elan\\toolchains\\leanprover--lean4---v4.25.0-rc2\\bin\\lean.exe C:\\dev\\RH_demo_clean\\lean\\formal_proofs\\ERURH\\ExpRect.lean -o C:\\dev\\RH_demo_clean\\.lake\\build\\lib\\lean\\ERURH\\ExpRect.olean -i C:\\dev\\RH_demo_clean\\.lake\\build\\lib\\lean\\ERURH\\ExpRect.ilean -c C:\\dev\\RH_demo_clean\\.lake\\build\\ir\\ERURH\\ExpRect.c --setup C:\\dev\\RH_demo_clean\\.lake\\build\\ir\\ERURH\\ExpRect.setup.json --json",
   "level": "trace"}],
 "inputs":
 [["ERURH.ExpRect:deps",
   [["deps",
     [["eruUpgrade/ERURH:extraDep",
       [["@eruUpgrade:extraDep", "00000000000006bb"]]],
      ["imports",
       [["Mathlib transitive imports (legacy)", "219f0ed9b2c3db67"],
        ["Mathlib:importAllArts", "df1cb5b10cdbedab"],
        ["ERURH.RH transitive imports (legacy)", "cc82ba57b80628b3"],
        ["ERURH.RH:importAllArts", "7293ff7a8c67e15d"],
        ["ERURH.ZetaLink transitive imports (legacy)", "b3cc71511832cb4a"],
        ["ERURH.ZetaLink:importAllArts", "4bff14cb4cbeb780"]]]]],
    ["libs",
     [["import dynlibs", "00000000000006bb"],
      ["package external libraries", "00000000000006bb"],
      ["module dynlibs", "00000000000006bb"],
      ["module plugins", "00000000000006bb"]]]]],
  ["Lean 4.25.0, commit 744f98064b056ee27fc8c97f524797c8cc96f436",
   "4bbac11c6209e48b"],
  ["C:\\dev\\RH_demo_clean\\lean\\formal_proofs\\ERURH\\ExpRect.lean",
   "0c5c764aaab97074"],
  ["options", "00000000000006bb"],
  ["Module.leanArgs: #[]", "00000000000006bb"]],
 "depHash": "71740bb9f60db218"}