{"synthetic": false,
 "schemaVersion": "2025-09-10",
 "outputs":
 {"o": ["887a2ab5a8ccab20.olean"],
  "i": "4ba215f28c2a52f3.ilean",
  "c": "734c70a6f7e25051.c"},
 "log":
 [{"message":
   ".> LEAN_PATH=C:\\Users\\duran\\RHdemoERU\\.lake\\packages\\Cli\\.lake\\build\\lib\\lean;C:\\Users\\duran\\RHdemoERU\\.lake\\packages\\batteries\\.lake\\build\\lib\\lean;C:\\Users\\duran\\RHdemoERU\\.lake\\packages\\Qq\\.lake\\build\\lib\\lean;C:\\Users\\duran\\RHdemoERU\\.lake\\packages\\aesop\\.lake\\build\\lib\\lean;C:\\Users\\duran\\RHdemoERU\\.lake\\packages\\proofwidgets\\.lake\\build\\lib\\lean;C:\\Users\\duran\\RHdemoERU\\.lake\\packages\\importGraph\\.lake\\build\\lib\\lean;C:\\Users\\duran\\RHdemoERU\\.lake\\packages\\LeanSearchClient\\.lake\\build\\lib\\lean;C:\\Users\\duran\\RHdemoERU\\.lake\\packages\\plausible\\.lake\\build\\lib\\lean;C:\\Users\\duran\\RHdemoERU\\.lake\\packages\\mathlib\\.lake\\build\\lib\\lean;C:\\Users\\duran\\RHdemoERU\\.lake\\build\\lib\\lean c:\\Users\\duran\\.elan\\toolchains\\leanprover--lean4---v4.25.0-rc2\\bin\\lean.exe C:\\Users\\duran\\RHdemoERU\\lean\\formal_proofs\\ERURH\\FluxWindows.lean -o C:\\Users\\duran\\RHdemoERU\\.lake\\build\\lib\\lean\\ERURH\\FluxWindows.olean -i C:\\Users\\duran\\RHdemoERU\\.lake\\build\\lib\\lean\\ERURH\\FluxWindows.ilean -c C:\\Users\\duran\\RHdemoERU\\.lake\\build\\ir\\ERURH\\FluxWindows.c --setup C:\\Users\\duran\\RHdemoERU\\.lake\\build\\ir\\ERURH\\FluxWindows.setup.json --json",
   "level": "trace"},
  {"message":
   "lean/formal_proofs/ERURH/FluxWindows.lean:51:2: try 'simp' instead of 'simpa'\n\nNote: This linter can be disabled with `set_option linter.unnecessarySimpa false`",
   "level": "warning"}],
 "inputs":
 [["ERURH.FluxWindows:deps",
   [["deps",
     [["eruUpgrade/ERURH:extraDep",
       [["@eruUpgrade:extraDep", "00000000000006bb"]]],
      ["imports",
       [["Mathlib transitive imports (legacy)", "a0ca2a892907ac51"],
        ["Mathlib:importAllArts", "df1cb5b10cdbedab"],
        ["ERURH.BridgeCore transitive imports (legacy)", "ddac339eddba983b"],
        ["ERURH.BridgeCore:importAllArts", "0189eef27053a74d"],
        ["ERURH.BridgeScaffold transitive imports (legacy)",
         "d54112c6f34a30da"],
        ["ERURH.BridgeScaffold:importAllArts", "1b1e17b5294ebb9b"],
        ["ERURH.RationalBounds transitive imports (legacy)",
         "4242a7a44d5313ed"],
        ["ERURH.RationalBounds:importAllArts", "5185e032ec9d7dbb"]]]]],
    ["libs",
     [["import dynlibs", "00000000000006bb"],
      ["package external libraries", "00000000000006bb"],
      ["module dynlibs", "00000000000006bb"],
      ["module plugins", "00000000000006bb"]]]]],
  ["Lean 4.25.0, commit 744f98064b056ee27fc8c97f524797c8cc96f436",
   "4bbac11c6209e48b"],
  ["C:\\Users\\duran\\RHdemoERU\\lean\\formal_proofs\\ERURH\\FluxWindows.lean",
   "8d52ab061b05a5e3"],
  ["options", "00000000000006bb"],
  ["Module.leanArgs: #[]", "00000000000006bb"]],
 "depHash": "96839bc559a8dce0"}