{"synthetic": false,
 "schemaVersion": "2025-09-10",
 "outputs":
 {"o": ["b8d631e7886a6e9e.olean"],
  "i": "719382dcff8c62d6.ilean",
  "c": "273f7d66896e6b39.c"},
 "log":
 [{"message":
   ".> LEAN_PATH=C:\\dev\\RH_demo_clean\\.lake\\packages\\Cli\\.lake\\build\\lib\\lean;C:\\dev\\RH_demo_clean\\.lake\\packages\\batteries\\.lake\\build\\lib\\lean;C:\\dev\\RH_demo_clean\\.lake\\packages\\Qq\\.lake\\build\\lib\\lean;C:\\dev\\RH_demo_clean\\.lake\\packages\\aesop\\.lake\\build\\lib\\lean;C:\\dev\\RH_demo_clean\\.lake\\packages\\proofwidgets\\.lake\\build\\lib\\lean;C:\\dev\\RH_demo_clean\\.lake\\packages\\importGraph\\.lake\\build\\lib\\lean;C:\\dev\\RH_demo_clean\\.lake\\packages\\LeanSearchClient\\.lake\\build\\lib\\lean;C:\\dev\\RH_demo_clean\\.lake\\packages\\plausible\\.lake\\build\\lib\\lean;C:\\dev\\RH_demo_clean\\.lake\\packages\\mathlib\\.lake\\build\\lib\\lean;C:\\dev\\RH_demo_clean\\.lake\\build\\lib\\lean c:\\Users\\duran\\.elan\\toolchains\\leanprover--lean4---v4.25.0-rc2\\bin\\lean.exe C:\\dev\\RH_demo_clean\\lean\\formal_proofs\\ERURH\\Inertia.lean -o C:\\dev\\RH_demo_clean\\.lake\\build\\lib\\lean\\ERURH\\Inertia.olean -i C:\\dev\\RH_demo_clean\\.lake\\build\\lib\\lean\\ERURH\\Inertia.ilean -c C:\\dev\\RH_demo_clean\\.lake\\build\\ir\\ERURH\\Inertia.c --setup C:\\dev\\RH_demo_clean\\.lake\\build\\ir\\ERURH\\Inertia.setup.json --json",
   "level": "trace"}],
 "inputs":
 [["ERURH.Inertia:deps",
   [["deps",
     [["eruUpgrade/ERURH:extraDep",
       [["@eruUpgrade:extraDep", "00000000000006bb"]]],
      ["imports",
       [["Mathlib transitive imports (legacy)", "219f0ed9b2c3db67"],
        ["Mathlib:importAllArts", "df1cb5b10cdbedab"],
        ["ERURH.BridgeCore transitive imports (legacy)", "cc82ba57b80628b3"],
        ["ERURH.BridgeCore:importAllArts", "0189eef27053a74d"]]]]],
    ["libs",
     [["import dynlibs", "00000000000006bb"],
      ["package external libraries", "00000000000006bb"],
      ["module dynlibs", "00000000000006bb"],
      ["module plugins", "00000000000006bb"]]]]],
  ["Lean 4.25.0, commit 744f98064b056ee27fc8c97f524797c8cc96f436",
   "4bbac11c6209e48b"],
  ["C:\\dev\\RH_demo_clean\\lean\\formal_proofs\\ERURH\\Inertia.lean",
   "8d01b82117096d9f"],
  ["options", "00000000000006bb"],
  ["Module.leanArgs: #[]", "00000000000006bb"]],
 "depHash": "715d73a67c03ae69"}