{"synthetic": false,
 "schemaVersion": "2025-09-10",
 "outputs":
 {"o": ["eb5182e4d8e1adaa.olean"],
  "i": "e86ef9548b1979f7.ilean",
  "c": "3fad0ce8bcba7ae1.c"},
 "log":
 [{"message":
   ".> LEAN_PATH=C:\\Users\\duran\\eru-upgrade\\.lake\\packages\\Cli\\.lake\\build\\lib\\lean;C:\\Users\\duran\\eru-upgrade\\.lake\\packages\\batteries\\.lake\\build\\lib\\lean;C:\\Users\\duran\\eru-upgrade\\.lake\\packages\\Qq\\.lake\\build\\lib\\lean;C:\\Users\\duran\\eru-upgrade\\.lake\\packages\\aesop\\.lake\\build\\lib\\lean;C:\\Users\\duran\\eru-upgrade\\.lake\\packages\\proofwidgets\\.lake\\build\\lib\\lean;C:\\Users\\duran\\eru-upgrade\\.lake\\packages\\importGraph\\.lake\\build\\lib\\lean;C:\\Users\\duran\\eru-upgrade\\.lake\\packages\\LeanSearchClient\\.lake\\build\\lib\\lean;C:\\Users\\duran\\eru-upgrade\\.lake\\packages\\plausible\\.lake\\build\\lib\\lean;C:\\Users\\duran\\eru-upgrade\\.lake\\packages\\mathlib\\.lake\\build\\lib\\lean;C:\\Users\\duran\\eru-upgrade\\.lake\\build\\lib\\lean c:\\Users\\duran\\.elan\\toolchains\\leanprover--lean4---v4.25.0-rc2\\bin\\lean.exe -R C:\\Users\\duran\\eru-upgrade\\staging\\ERURH_Staging=ERURH_Staging C:\\Users\\duran\\eru-upgrade\\formal_proofs\\ERURH\\LambdaBounds.lean -o C:\\Users\\duran\\eru-upgrade\\.lake\\build\\lib\\lean\\ERURH\\LambdaBounds.olean -i C:\\Users\\duran\\eru-upgrade\\.lake\\build\\lib\\lean\\ERURH\\LambdaBounds.ilean -c C:\\Users\\duran\\eru-upgrade\\.lake\\build\\ir\\ERURH\\LambdaBounds.c --setup C:\\Users\\duran\\eru-upgrade\\.lake\\build\\ir\\ERURH\\LambdaBounds.setup.json --json",
   "level": "trace"},
  {"message":
   "formal_proofs/ERURH/LambdaBounds.lean:20:5: unused variable `h`\n\nNote: This linter can be disabled with `set_option linter.unusedVariables false`",
   "level": "warning"},
  {"message":
   "formal_proofs/ERURH/LambdaBounds.lean:26:5: unused variable `h`\n\nNote: This linter can be disabled with `set_option linter.unusedVariables false`",
   "level": "warning"}],
 "inputs":
 [["ERURH.LambdaBounds:deps",
   [["deps",
     [["eruUpgrade/ERURH:extraDep",
       [["@eruUpgrade:extraDep", "00000000000006bb"]]],
      ["imports",
       [["Mathlib transitive imports (legacy)", "a0ca2a892907ac51"],
        ["Mathlib:importAllArts", "df1cb5b10cdbedab"],
        ["ERURH.BoundsConfig transitive imports (legacy)", "ce03b3678bc2164a"],
        ["ERURH.BoundsConfig:importAllArts", "e3d5205478008bde"],
        ["ERURH.FluxWindows transitive imports (legacy)", "7cfa388372ddc098"],
        ["ERURH.FluxWindows:importAllArts", "d78097f343dc0371"]]]]],
    ["libs",
     [["import dynlibs", "00000000000006bb"],
      ["package external libraries", "00000000000006bb"],
      ["module dynlibs", "00000000000006bb"],
      ["module plugins", "00000000000006bb"]]]]],
  ["Lean 4.25.0, commit 744f98064b056ee27fc8c97f524797c8cc96f436",
   "4bbac11c6209e48b"],
  ["C:\\Users\\duran\\eru-upgrade\\formal_proofs\\ERURH\\LambdaBounds.lean",
   "9b57d4688b0fe5fa"],
  ["options", "00000000000006bb"],
  ["Module.leanArgs: #[-R, C:\\Users\\duran\\eru-upgrade\\staging\\ERURH_Staging=ERURH_Staging]",
   "1aa5feeb7f03338b"]],
 "depHash": "6cefb8a90bd0357c"}