{"synthetic": false,
 "schemaVersion": "2025-09-10",
 "outputs":
 {"o": ["0a0c70c407f8ac00.olean"],
  "i": "e7aca0c74e19ff9b.ilean",
  "c": "71eeeea64a0ae67e.c"},
 "log":
 [{"message":
   ".> LEAN_PATH=C:\\Users\\duran\\eru-upgrade\\.lake\\packages\\Cli\\.lake\\build\\lib\\lean;C:\\Users\\duran\\eru-upgrade\\.lake\\packages\\batteries\\.lake\\build\\lib\\lean;C:\\Users\\duran\\eru-upgrade\\.lake\\packages\\Qq\\.lake\\build\\lib\\lean;C:\\Users\\duran\\eru-upgrade\\.lake\\packages\\aesop\\.lake\\build\\lib\\lean;C:\\Users\\duran\\eru-upgrade\\.lake\\packages\\proofwidgets\\.lake\\build\\lib\\lean;C:\\Users\\duran\\eru-upgrade\\.lake\\packages\\importGraph\\.lake\\build\\lib\\lean;C:\\Users\\duran\\eru-upgrade\\.lake\\packages\\LeanSearchClient\\.lake\\build\\lib\\lean;C:\\Users\\duran\\eru-upgrade\\.lake\\packages\\plausible\\.lake\\build\\lib\\lean;C:\\Users\\duran\\eru-upgrade\\.lake\\packages\\mathlib\\.lake\\build\\lib\\lean;C:\\Users\\duran\\eru-upgrade\\.lake\\build\\lib\\lean c:\\Users\\duran\\.elan\\toolchains\\leanprover--lean4---v4.25.0-rc2\\bin\\lean.exe C:\\Users\\duran\\eru-upgrade\\formal_proofs\\ERURH\\LemmaAContraction.lean -o C:\\Users\\duran\\eru-upgrade\\.lake\\build\\lib\\lean\\ERURH\\LemmaAContraction.olean -i C:\\Users\\duran\\eru-upgrade\\.lake\\build\\lib\\lean\\ERURH\\LemmaAContraction.ilean -c C:\\Users\\duran\\eru-upgrade\\.lake\\build\\ir\\ERURH\\LemmaAContraction.c --setup C:\\Users\\duran\\eru-upgrade\\.lake\\build\\ir\\ERURH\\LemmaAContraction.setup.json --json",
   "level": "trace"}],
 "inputs":
 [["ERURH.LemmaAContraction:deps",
   [["deps",
     [["eruUpgrade/ERURH:extraDep",
       [["@eruUpgrade:extraDep", "00000000000006bb"]]],
      ["imports",
       [["Mathlib.Data.Rat.Init transitive imports (legacy)",
         "213fbc8acdb09eab"],
        ["Mathlib.Data.Rat.Init:importAllArts", "4e06e9ba8c637a40"],
        ["Mathlib.Tactic transitive imports (legacy)", "e754795d6ab1a129"],
        ["Mathlib.Tactic:importAllArts", "631363dcd52e9e6b"],
        ["ERURH.WeightedBands transitive imports (legacy)", "73095d747fe63706"],
        ["ERURH.WeightedBands:importAllArts", "fe4be7270e190477"]]]]],
    ["libs",
     [["import dynlibs", "00000000000006bb"],
      ["package external libraries", "00000000000006bb"],
      ["module dynlibs", "00000000000006bb"],
      ["module plugins", "00000000000006bb"]]]]],
  ["Lean 4.25.0, commit 744f98064b056ee27fc8c97f524797c8cc96f436",
   "4bbac11c6209e48b"],
  ["C:\\Users\\duran\\eru-upgrade\\formal_proofs\\ERURH\\LemmaAContraction.lean",
   "c3f1ebbb20647edd"],
  ["options", "00000000000006bb"],
  ["Module.leanArgs: #[]", "00000000000006bb"]],
 "depHash": "65d37d364b811f72"}