{"synthetic": false,
 "schemaVersion": "2025-09-10",
 "outputs":
 {"o": ["f094799738d79a55.olean"],
  "i": "ab0ad3931125bc11.ilean",
  "c": "4b557e50217785c8.c"},
 "log":
 [{"message":
   ".> LEAN_PATH=C:\\Users\\duran\\eru-upgrade\\.lake\\packages\\Cli\\.lake\\build\\lib\\lean;C:\\Users\\duran\\eru-upgrade\\.lake\\packages\\batteries\\.lake\\build\\lib\\lean;C:\\Users\\duran\\eru-upgrade\\.lake\\packages\\Qq\\.lake\\build\\lib\\lean;C:\\Users\\duran\\eru-upgrade\\.lake\\packages\\aesop\\.lake\\build\\lib\\lean;C:\\Users\\duran\\eru-upgrade\\.lake\\packages\\proofwidgets\\.lake\\build\\lib\\lean;C:\\Users\\duran\\eru-upgrade\\.lake\\packages\\importGraph\\.lake\\build\\lib\\lean;C:\\Users\\duran\\eru-upgrade\\.lake\\packages\\LeanSearchClient\\.lake\\build\\lib\\lean;C:\\Users\\duran\\eru-upgrade\\.lake\\packages\\plausible\\.lake\\build\\lib\\lean;C:\\Users\\duran\\eru-upgrade\\.lake\\packages\\mathlib\\.lake\\build\\lib\\lean;C:\\Users\\duran\\eru-upgrade\\.lake\\build\\lib\\lean c:\\Users\\duran\\.elan\\toolchains\\leanprover--lean4---v4.25.0-rc2\\bin\\lean.exe C:\\Users\\duran\\eru-upgrade\\formal_proofs\\ERURH\\Main.lean -o C:\\Users\\duran\\eru-upgrade\\.lake\\build\\lib\\lean\\ERURH\\Main.olean -i C:\\Users\\duran\\eru-upgrade\\.lake\\build\\lib\\lean\\ERURH\\Main.ilean -c C:\\Users\\duran\\eru-upgrade\\.lake\\build\\ir\\ERURH\\Main.c --setup C:\\Users\\duran\\eru-upgrade\\.lake\\build\\ir\\ERURH\\Main.setup.json --json",
   "level": "trace"}],
 "inputs":
 [["ERURH.Main:deps",
   [["deps",
     [["eruUpgrade/ERURH:extraDep",
       [["@eruUpgrade:extraDep", "00000000000006bb"]]],
      ["imports",
       [["ERURH transitive imports (legacy)", "27834286777caf40"],
        ["ERURH:importAllArts", "d52667612f2f6b29"],
        ["ERURH.Certificate transitive imports (legacy)", "3b68b86e0d6c1f00"],
        ["ERURH.Certificate:importAllArts", "c8b0f25154928849"],
        ["ERURH.CertificateValues transitive imports (legacy)",
         "c6b46bc67e10dfca"],
        ["ERURH.CertificateValues:importAllArts", "7d4140b379701fd0"],
        ["ERURH.LemmaAContraction transitive imports (legacy)",
         "62bbdb39ed8fc81f"],
        ["ERURH.LemmaAContraction:importAllArts", "e86ac006f718d14f"],
        ["ERURH.LemmaBEnergy transitive imports (legacy)", "62bbdb39ed8fc81f"],
        ["ERURH.LemmaBEnergy:importAllArts", "536485c20582625e"],
        ["ERURH.AlphaInterfaces transitive imports (legacy)",
         "964671787fe2ec1f"],
        ["ERURH.AlphaInterfaces:importAllArts", "b60e84b993ce1189"]]]]],
    ["libs",
     [["import dynlibs", "00000000000006bb"],
      ["package external libraries", "00000000000006bb"],
      ["module dynlibs", "00000000000006bb"],
      ["module plugins", "00000000000006bb"]]]]],
  ["Lean 4.25.0, commit 744f98064b056ee27fc8c97f524797c8cc96f436",
   "4bbac11c6209e48b"],
  ["C:\\Users\\duran\\eru-upgrade\\formal_proofs\\ERURH\\Main.lean",
   "8f34322219c56e1a"],
  ["options", "00000000000006bb"],
  ["Module.leanArgs: #[]", "00000000000006bb"]],
 "depHash": "829dc99fbcdb9cc4"}