{"synthetic": false,
 "schemaVersion": "2025-09-10",
 "outputs":
 {"o": ["e4f6f19b8a86f175.olean"],
  "i": "85b3ca5138bfc85d.ilean",
  "c": "2af1989931eef239.c"},
 "log":
 [{"message":
   ".> LEAN_PATH=C:\\Users\\duran\\RHdemoERU\\.lake\\packages\\Cli\\.lake\\build\\lib\\lean;C:\\Users\\duran\\RHdemoERU\\.lake\\packages\\batteries\\.lake\\build\\lib\\lean;C:\\Users\\duran\\RHdemoERU\\.lake\\packages\\Qq\\.lake\\build\\lib\\lean;C:\\Users\\duran\\RHdemoERU\\.lake\\packages\\aesop\\.lake\\build\\lib\\lean;C:\\Users\\duran\\RHdemoERU\\.lake\\packages\\proofwidgets\\.lake\\build\\lib\\lean;C:\\Users\\duran\\RHdemoERU\\.lake\\packages\\importGraph\\.lake\\build\\lib\\lean;C:\\Users\\duran\\RHdemoERU\\.lake\\packages\\LeanSearchClient\\.lake\\build\\lib\\lean;C:\\Users\\duran\\RHdemoERU\\.lake\\packages\\plausible\\.lake\\build\\lib\\lean;C:\\Users\\duran\\RHdemoERU\\.lake\\packages\\mathlib\\.lake\\build\\lib\\lean;C:\\Users\\duran\\RHdemoERU\\.lake\\build\\lib\\lean c:\\Users\\duran\\.elan\\toolchains\\leanprover--lean4---v4.25.0-rc2\\bin\\lean.exe C:\\Users\\duran\\RHdemoERU\\lean\\formal_proofs\\ERURH\\RH.lean -o C:\\Users\\duran\\RHdemoERU\\.lake\\build\\lib\\lean\\ERURH\\RH.olean -i C:\\Users\\duran\\RHdemoERU\\.lake\\build\\lib\\lean\\ERURH\\RH.ilean -c C:\\Users\\duran\\RHdemoERU\\.lake\\build\\ir\\ERURH\\RH.c --setup C:\\Users\\duran\\RHdemoERU\\.lake\\build\\ir\\ERURH\\RH.setup.json --json",
   "level": "trace"}],
 "inputs":
 [["ERURH.RH:deps",
   [["deps",
     [["eruUpgrade/ERURH:extraDep",
       [["@eruUpgrade:extraDep", "00000000000006bb"]]],
      ["imports",
       [["Mathlib transitive imports (legacy)", "a0ca2a892907ac51"],
        ["Mathlib:importAllArts", "df1cb5b10cdbedab"]]]]],
    ["libs",
     [["import dynlibs", "00000000000006bb"],
      ["package external libraries", "00000000000006bb"],
      ["module dynlibs", "00000000000006bb"],
      ["module plugins", "00000000000006bb"]]]]],
  ["Lean 4.25.0, commit 744f98064b056ee27fc8c97f524797c8cc96f436",
   "4bbac11c6209e48b"],
  ["C:\\Users\\duran\\RHdemoERU\\lean\\formal_proofs\\ERURH\\RH.lean",
   "c2fda8d97ca3c445"],
  ["options", "00000000000006bb"],
  ["Module.leanArgs: #[]", "00000000000006bb"]],
 "depHash": "c997ea8923c407d2"}