{"synthetic": false,
 "schemaVersion": "2025-09-10",
 "outputs":
 {"o": ["4ac276cf5bc331db.olean"],
  "i": "4193e8b4324fecce.ilean",
  "c": "83a0319b7af642eb.c"},
 "log":
 [{"message":
   ".> LEAN_PATH=C:\\dev\\RH_demo_clean\\.lake\\packages\\Cli\\.lake\\build\\lib\\lean;C:\\dev\\RH_demo_clean\\.lake\\packages\\batteries\\.lake\\build\\lib\\lean;C:\\dev\\RH_demo_clean\\.lake\\packages\\Qq\\.lake\\build\\lib\\lean;C:\\dev\\RH_demo_clean\\.lake\\packages\\aesop\\.lake\\build\\lib\\lean;C:\\dev\\RH_demo_clean\\.lake\\packages\\proofwidgets\\.lake\\build\\lib\\lean;C:\\dev\\RH_demo_clean\\.lake\\packages\\importGraph\\.lake\\build\\lib\\lean;C:\\dev\\RH_demo_clean\\.lake\\packages\\LeanSearchClient\\.lake\\build\\lib\\lean;C:\\dev\\RH_demo_clean\\.lake\\packages\\plausible\\.lake\\build\\lib\\lean;C:\\dev\\RH_demo_clean\\.lake\\packages\\mathlib\\.lake\\build\\lib\\lean;C:\\dev\\RH_demo_clean\\.lake\\build\\lib\\lean c:\\Users\\duran\\.elan\\toolchains\\leanprover--lean4---v4.25.0-rc2\\bin\\lean.exe C:\\dev\\RH_demo_clean\\lean\\formal_proofs\\ERURH\\XiCore.lean -o C:\\dev\\RH_demo_clean\\.lake\\build\\lib\\lean\\ERURH\\XiCore.olean -i C:\\dev\\RH_demo_clean\\.lake\\build\\lib\\lean\\ERURH\\XiCore.ilean -c C:\\dev\\RH_demo_clean\\.lake\\build\\ir\\ERURH\\XiCore.c --setup C:\\dev\\RH_demo_clean\\.lake\\build\\ir\\ERURH\\XiCore.setup.json --json",
   "level": "trace"}],
 "inputs":
 [["ERURH.XiCore:deps",
   [["deps",
     [["eruUpgrade/ERURH:extraDep",
       [["@eruUpgrade:extraDep", "00000000000006bb"]]],
      ["imports",
       [["Mathlib transitive imports (legacy)", "219f0ed9b2c3db67"],
        ["Mathlib:importAllArts", "df1cb5b10cdbedab"],
        ["Mathlib.NumberTheory.LSeries.RiemannZeta transitive imports (legacy)",
         "2661e567b1c96550"],
        ["Mathlib.NumberTheory.LSeries.RiemannZeta:importAllArts",
         "eabf20149d4c53c7"],
        ["ERURH.RH transitive imports (legacy)", "cc82ba57b80628b3"],
        ["ERURH.RH:importAllArts", "7293ff7a8c67e15d"],
        ["ERURH.ZetaLink transitive imports (legacy)", "b3cc71511832cb4a"],
        ["ERURH.ZetaLink:importAllArts", "4bff14cb4cbeb780"]]]]],
    ["libs",
     [["import dynlibs", "00000000000006bb"],
      ["package external libraries", "00000000000006bb"],
      ["module dynlibs", "00000000000006bb"],
      ["module plugins", "00000000000006bb"]]]]],
  ["Lean 4.25.0, commit 744f98064b056ee27fc8c97f524797c8cc96f436",
   "4bbac11c6209e48b"],
  ["C:\\dev\\RH_demo_clean\\lean\\formal_proofs\\ERURH\\XiCore.lean",
   "b4e1f447837269cd"],
  ["options", "00000000000006bb"],
  ["Module.leanArgs: #[]", "00000000000006bb"]],
 "depHash": "88aa69d955e85cd1"}