{"synthetic": false,
 "schemaVersion": "2025-09-10",
 "outputs":
 {"o": ["f112af98701fba9b.olean"],
  "i": "24d334bcf5d9c3b8.ilean",
  "c": "86d662b94d48d172.c"},
 "log":
 [{"message":
   ".> LEAN_PATH=C:\\Users\\duran\\RHdemoERU\\.lake\\packages\\Cli\\.lake\\build\\lib\\lean;C:\\Users\\duran\\RHdemoERU\\.lake\\packages\\batteries\\.lake\\build\\lib\\lean;C:\\Users\\duran\\RHdemoERU\\.lake\\packages\\Qq\\.lake\\build\\lib\\lean;C:\\Users\\duran\\RHdemoERU\\.lake\\packages\\aesop\\.lake\\build\\lib\\lean;C:\\Users\\duran\\RHdemoERU\\.lake\\packages\\proofwidgets\\.lake\\build\\lib\\lean;C:\\Users\\duran\\RHdemoERU\\.lake\\packages\\importGraph\\.lake\\build\\lib\\lean;C:\\Users\\duran\\RHdemoERU\\.lake\\packages\\LeanSearchClient\\.lake\\build\\lib\\lean;C:\\Users\\duran\\RHdemoERU\\.lake\\packages\\plausible\\.lake\\build\\lib\\lean;C:\\Users\\duran\\RHdemoERU\\.lake\\packages\\mathlib\\.lake\\build\\lib\\lean;C:\\Users\\duran\\RHdemoERU\\.lake\\build\\lib\\lean c:\\Users\\duran\\.elan\\toolchains\\leanprover--lean4---v4.25.0-rc2\\bin\\lean.exe C:\\Users\\duran\\RHdemoERU\\lean\\formal_proofs\\ERURH\\XiWitnessAssembly.lean -o C:\\Users\\duran\\RHdemoERU\\.lake\\build\\lib\\lean\\ERURH\\XiWitnessAssembly.olean -i C:\\Users\\duran\\RHdemoERU\\.lake\\build\\lib\\lean\\ERURH\\XiWitnessAssembly.ilean -c C:\\Users\\duran\\RHdemoERU\\.lake\\build\\ir\\ERURH\\XiWitnessAssembly.c --setup C:\\Users\\duran\\RHdemoERU\\.lake\\build\\ir\\ERURH\\XiWitnessAssembly.setup.json --json",
   "level": "trace"}],
 "inputs":
 [["ERURH.XiWitnessAssembly:deps",
   [["deps",
     [["eruUpgrade/ERURH:extraDep",
       [["@eruUpgrade:extraDep", "00000000000006bb"]]],
      ["imports",
       [["Mathlib transitive imports (legacy)", "a0ca2a892907ac51"],
        ["Mathlib:importAllArts", "df1cb5b10cdbedab"],
        ["ERURH.XiCore transitive imports (legacy)", "765ef51616f4549a"],
        ["ERURH.XiCore:importAllArts", "b58b2e13ab2b5722"],
        ["ERURH.XiPrefactor transitive imports (legacy)", "3424be17a679d4d6"],
        ["ERURH.XiPrefactor:importAllArts", "0e2bd96a93227185"],
        ["ERURH.XiZetaIface transitive imports (legacy)", "2c6fdb928716b212"],
        ["ERURH.XiZetaIface:importAllArts", "19224b8e7034b74f"],
        ["ERURH.BoundsConfig transitive imports (legacy)", "ce03b3678bc2164a"],
        ["ERURH.BoundsConfig:importAllArts", "e3d5205478008bde"],
        ["ERURH.AnalyticWitness transitive imports (legacy)",
         "a962f38aad829cab"],
        ["ERURH.AnalyticWitness:importAllArts", "f7256d46f54ed4f2"],
        ["ERURH.ComplexAbsCompat transitive imports (legacy)",
         "ddac339eddba983b"],
        ["ERURH.ComplexAbsCompat:importAllArts", "8be99167dfd39bf0"]]]]],
    ["libs",
     [["import dynlibs", "00000000000006bb"],
      ["package external libraries", "00000000000006bb"],
      ["module dynlibs", "00000000000006bb"],
      ["module plugins", "00000000000006bb"]]]]],
  ["Lean 4.25.0, commit 744f98064b056ee27fc8c97f524797c8cc96f436",
   "4bbac11c6209e48b"],
  ["C:\\Users\\duran\\RHdemoERU\\lean\\formal_proofs\\ERURH\\XiWitnessAssembly.lean",
   "c235c3d87f3944d1"],
  ["options", "00000000000006bb"],
  ["Module.leanArgs: #[]", "00000000000006bb"]],
 "depHash": "452156e73abe5a10"}