{"synthetic": false,
 "schemaVersion": "2025-09-10",
 "outputs":
 {"o": ["8597162f2da41b9f.olean"],
  "i": "f9d017b8cab1d5f3.ilean",
  "c": "fd654fef2541ffb4.c"},
 "log":
 [{"message":
   ".> LEAN_PATH=C:\\dev\\RH_demo_clean\\.lake\\packages\\Cli\\.lake\\build\\lib\\lean;C:\\dev\\RH_demo_clean\\.lake\\packages\\batteries\\.lake\\build\\lib\\lean;C:\\dev\\RH_demo_clean\\.lake\\packages\\Qq\\.lake\\build\\lib\\lean;C:\\dev\\RH_demo_clean\\.lake\\packages\\aesop\\.lake\\build\\lib\\lean;C:\\dev\\RH_demo_clean\\.lake\\packages\\proofwidgets\\.lake\\build\\lib\\lean;C:\\dev\\RH_demo_clean\\.lake\\packages\\importGraph\\.lake\\build\\lib\\lean;C:\\dev\\RH_demo_clean\\.lake\\packages\\LeanSearchClient\\.lake\\build\\lib\\lean;C:\\dev\\RH_demo_clean\\.lake\\packages\\plausible\\.lake\\build\\lib\\lean;C:\\dev\\RH_demo_clean\\.lake\\packages\\mathlib\\.lake\\build\\lib\\lean;C:\\dev\\RH_demo_clean\\.lake\\build\\lib\\lean c:\\Users\\duran\\.elan\\toolchains\\leanprover--lean4---v4.25.0-rc2\\bin\\lean.exe C:\\dev\\RH_demo_clean\\lean\\formal_proofs\\ERURH\\XiZetaIface.lean -o C:\\dev\\RH_demo_clean\\.lake\\build\\lib\\lean\\ERURH\\XiZetaIface.olean -i C:\\dev\\RH_demo_clean\\.lake\\build\\lib\\lean\\ERURH\\XiZetaIface.ilean -c C:\\dev\\RH_demo_clean\\.lake\\build\\ir\\ERURH\\XiZetaIface.c --setup C:\\dev\\RH_demo_clean\\.lake\\build\\ir\\ERURH\\XiZetaIface.setup.json --json",
   "level": "trace"}],
 "inputs":
 [["ERURH.XiZetaIface:deps",
   [["deps",
     [["eruUpgrade/ERURH:extraDep",
       [["@eruUpgrade:extraDep", "00000000000006bb"]]],
      ["imports",
       [["Mathlib transitive imports (legacy)", "219f0ed9b2c3db67"],
        ["Mathlib:importAllArts", "df1cb5b10cdbedab"],
        ["ERURH.XiCore transitive imports (legacy)", "13e14b67a8fea827"],
        ["ERURH.XiCore:importAllArts", "b58b2e13ab2b5722"],
        ["ERURH.BridgeScaffold transitive imports (legacy)",
         "5278ea71e3aa6c6f"],
        ["ERURH.BridgeScaffold:importAllArts", "1b1e17b5294ebb9b"],
        ["ERURH.BoundsConfig transitive imports (legacy)", "98d88f5e30d78329"],
        ["ERURH.BoundsConfig:importAllArts", "e3d5205478008bde"],
        ["ERURH.ComplexAbsCompat transitive imports (legacy)",
         "cc82ba57b80628b3"],
        ["ERURH.ComplexAbsCompat:importAllArts", "8be99167dfd39bf0"]]]]],
    ["libs",
     [["import dynlibs", "00000000000006bb"],
      ["package external libraries", "00000000000006bb"],
      ["module dynlibs", "00000000000006bb"],
      ["module plugins", "00000000000006bb"]]]]],
  ["Lean 4.25.0, commit 744f98064b056ee27fc8c97f524797c8cc96f436",
   "4bbac11c6209e48b"],
  ["C:\\dev\\RH_demo_clean\\lean\\formal_proofs\\ERURH\\XiZetaIface.lean",
   "4ad769ecdc62a3bd"],
  ["options", "00000000000006bb"],
  ["Module.leanArgs: #[]", "00000000000006bb"]],
 "depHash": "616b2a5a1d99ac9f"}