{"synthetic": false,
 "schemaVersion": "2025-09-10",
 "outputs":
 {"o": ["76666c8b2713f6aa.olean"],
  "i": "084a6fc8e64e9db6.ilean",
  "c": "bd3f9cfe1a665f05.c"},
 "log":
 [{"message":
   ".> LEAN_PATH=C:\\dev\\RH_demo_clean\\.lake\\packages\\Cli\\.lake\\build\\lib\\lean;C:\\dev\\RH_demo_clean\\.lake\\packages\\batteries\\.lake\\build\\lib\\lean;C:\\dev\\RH_demo_clean\\.lake\\packages\\Qq\\.lake\\build\\lib\\lean;C:\\dev\\RH_demo_clean\\.lake\\packages\\aesop\\.lake\\build\\lib\\lean;C:\\dev\\RH_demo_clean\\.lake\\packages\\proofwidgets\\.lake\\build\\lib\\lean;C:\\dev\\RH_demo_clean\\.lake\\packages\\importGraph\\.lake\\build\\lib\\lean;C:\\dev\\RH_demo_clean\\.lake\\packages\\LeanSearchClient\\.lake\\build\\lib\\lean;C:\\dev\\RH_demo_clean\\.lake\\packages\\plausible\\.lake\\build\\lib\\lean;C:\\dev\\RH_demo_clean\\.lake\\packages\\mathlib\\.lake\\build\\lib\\lean;C:\\dev\\RH_demo_clean\\.lake\\build\\lib\\lean c:\\Users\\duran\\.elan\\toolchains\\leanprover--lean4---v4.25.0-rc2\\bin\\lean.exe C:\\dev\\RH_demo_clean\\lean\\formal_proofs\\ERURH\\ZetaLink.lean -o C:\\dev\\RH_demo_clean\\.lake\\build\\lib\\lean\\ERURH\\ZetaLink.olean -i C:\\dev\\RH_demo_clean\\.lake\\build\\lib\\lean\\ERURH\\ZetaLink.ilean -c C:\\dev\\RH_demo_clean\\.lake\\build\\ir\\ERURH\\ZetaLink.c --setup C:\\dev\\RH_demo_clean\\.lake\\build\\ir\\ERURH\\ZetaLink.setup.json --json",
   "level": "trace"}],
 "inputs":
 [["ERURH.ZetaLink:deps",
   [["deps",
     [["eruUpgrade/ERURH:extraDep",
       [["@eruUpgrade:extraDep", "00000000000006bb"]]],
      ["imports",
       [["Mathlib transitive imports (legacy)", "219f0ed9b2c3db67"],
        ["Mathlib:importAllArts", "df1cb5b10cdbedab"],
        ["ERURH.Inertia transitive imports (legacy)", "e94b01d73e548182"],
        ["ERURH.Inertia:importAllArts", "91e7178d5b45bbc7"],
        ["ERURH.RH transitive imports (legacy)", "cc82ba57b80628b3"],
        ["ERURH.RH:importAllArts", "7293ff7a8c67e15d"],
        ["ERURH.BoundsConfig transitive imports (legacy)", "98d88f5e30d78329"],
        ["ERURH.BoundsConfig:importAllArts", "e3d5205478008bde"],
        ["ERURH.FluxWindows transitive imports (legacy)", "4e4d7b9a77652b71"],
        ["ERURH.FluxWindows:importAllArts", "d78097f343dc0371"],
        ["ERURH.Numeric.Semantics transitive imports (legacy)",
         "a911890ca99272bc"],
        ["ERURH.Numeric.Semantics:importAllArts", "4b13d8bc63aa169e"],
        ["ERURH.ComplexAbsCompat transitive imports (legacy)",
         "cc82ba57b80628b3"],
        ["ERURH.ComplexAbsCompat:importAllArts", "8be99167dfd39bf0"]]]]],
    ["libs",
     [["import dynlibs", "00000000000006bb"],
      ["package external libraries", "00000000000006bb"],
      ["module dynlibs", "00000000000006bb"],
      ["module plugins", "00000000000006bb"]]]]],
  ["Lean 4.25.0, commit 744f98064b056ee27fc8c97f524797c8cc96f436",
   "4bbac11c6209e48b"],
  ["C:\\dev\\RH_demo_clean\\lean\\formal_proofs\\ERURH\\ZetaLink.lean",
   "5056993b2c51d14b"],
  ["options", "00000000000006bb"],
  ["Module.leanArgs: #[]", "00000000000006bb"]],
 "depHash": "a907e13992916b0b"}