{"synthetic": false,
 "schemaVersion": "2025-09-10",
 "outputs":
 {"o": ["bdb2911876bd6e6b.olean"],
  "i": "d7979ea0cd5814fb.ilean",
  "c": "44dc7cca731c8ce2.c"},
 "log":
 [{"message":
   ".> LEAN_PATH=C:\\Users\\duran\\RHdemoERU\\.lake\\packages\\Cli\\.lake\\build\\lib\\lean;C:\\Users\\duran\\RHdemoERU\\.lake\\packages\\batteries\\.lake\\build\\lib\\lean;C:\\Users\\duran\\RHdemoERU\\.lake\\packages\\Qq\\.lake\\build\\lib\\lean;C:\\Users\\duran\\RHdemoERU\\.lake\\packages\\aesop\\.lake\\build\\lib\\lean;C:\\Users\\duran\\RHdemoERU\\.lake\\packages\\proofwidgets\\.lake\\build\\lib\\lean;C:\\Users\\duran\\RHdemoERU\\.lake\\packages\\importGraph\\.lake\\build\\lib\\lean;C:\\Users\\duran\\RHdemoERU\\.lake\\packages\\LeanSearchClient\\.lake\\build\\lib\\lean;C:\\Users\\duran\\RHdemoERU\\.lake\\packages\\plausible\\.lake\\build\\lib\\lean;C:\\Users\\duran\\RHdemoERU\\.lake\\packages\\mathlib\\.lake\\build\\lib\\lean;C:\\Users\\duran\\RHdemoERU\\.lake\\build\\lib\\lean c:\\Users\\duran\\.elan\\toolchains\\leanprover--lean4---v4.25.0-rc2\\bin\\lean.exe C:\\Users\\duran\\RHdemoERU\\lean\\formal_proofs\\ERURH\\NumberTheory\\Chebyshev.lean -o C:\\Users\\duran\\RHdemoERU\\.lake\\build\\lib\\lean\\ERURH\\NumberTheory\\Chebyshev.olean -i C:\\Users\\duran\\RHdemoERU\\.lake\\build\\lib\\lean\\ERURH\\NumberTheory\\Chebyshev.ilean -c C:\\Users\\duran\\RHdemoERU\\.lake\\build\\ir\\ERURH\\NumberTheory\\Chebyshev.c --setup C:\\Users\\duran\\RHdemoERU\\.lake\\build\\ir\\ERURH\\NumberTheory\\Chebyshev.setup.json --json",
   "level": "trace"},
  {"message":
   "lean/formal_proofs/ERURH/NumberTheory/Chebyshev.lean:32:25: This simp argument is unused:\n  add_left_comm\n\nHint: Omit it from the simp argument list.\n  simp [E_def, add_comm, a̵d̵d̵_̵l̵e̵f̵t̵_̵c̵o̵m̵m̵,̵ ̵add_assoc]\n\nNote: This linter can be disabled with `set_option linter.unusedSimpArgs false`",
   "level": "warning"},
  {"message":
   "lean/formal_proofs/ERURH/NumberTheory/Chebyshev.lean:32:40: This simp argument is unused:\n  add_assoc\n\nHint: Omit it from the simp argument list.\n  simp [E_def, add_comm, add_left_comm,̵ ̵a̵d̵d̵_̵a̵s̵s̵o̵c̵]\n\nNote: This linter can be disabled with `set_option linter.unusedSimpArgs false`",
   "level": "warning"}],
 "inputs":
 [["ERURH.NumberTheory.Chebyshev:deps",
   [["deps",
     [["eruUpgrade/ERURH:extraDep",
       [["@eruUpgrade:extraDep", "00000000000006bb"]]],
      ["imports",
       [["Mathlib transitive imports (legacy)", "a0ca2a892907ac51"],
        ["Mathlib:importAllArts", "df1cb5b10cdbedab"],
        ["Mathlib.Algebra.BigOperators.Group.Finset.Defs transitive imports (legacy)",
         "a9ea301b81624808"],
        ["Mathlib.Algebra.BigOperators.Group.Finset.Defs:importAllArts",
         "3dd2871c8ed60747"],
        ["ERURH.NumberTheory.VonMangoldt transitive imports (legacy)",
         "ddac339eddba983b"],
        ["ERURH.NumberTheory.VonMangoldt:importAllArts",
         "47da1b2f83a329cf"]]]]],
    ["libs",
     [["import dynlibs", "00000000000006bb"],
      ["package external libraries", "00000000000006bb"],
      ["module dynlibs", "00000000000006bb"],
      ["module plugins", "00000000000006bb"]]]]],
  ["Lean 4.25.0, commit 744f98064b056ee27fc8c97f524797c8cc96f436",
   "4bbac11c6209e48b"],
  ["C:\\Users\\duran\\RHdemoERU\\lean\\formal_proofs\\ERURH\\NumberTheory\\Chebyshev.lean",
   "414f50c811bd3ed2"],
  ["options", "00000000000006bb"],
  ["Module.leanArgs: #[]", "00000000000006bb"]],
 "depHash": "d299e3543c85c9f6"}