{"synthetic": false,
 "schemaVersion": "2025-09-10",
 "outputs":
 {"o": ["18827eedc1690a9f.olean"],
  "i": "4e957220fcac736c.ilean",
  "c": "473e28f3f58f615e.c"},
 "log":
 [{"message":
   ".> LEAN_PATH=C:\\Users\\duran\\RHdemoERU\\.lake\\packages\\Cli\\.lake\\build\\lib\\lean;C:\\Users\\duran\\RHdemoERU\\.lake\\packages\\batteries\\.lake\\build\\lib\\lean;C:\\Users\\duran\\RHdemoERU\\.lake\\packages\\Qq\\.lake\\build\\lib\\lean;C:\\Users\\duran\\RHdemoERU\\.lake\\packages\\aesop\\.lake\\build\\lib\\lean;C:\\Users\\duran\\RHdemoERU\\.lake\\packages\\proofwidgets\\.lake\\build\\lib\\lean;C:\\Users\\duran\\RHdemoERU\\.lake\\packages\\importGraph\\.lake\\build\\lib\\lean;C:\\Users\\duran\\RHdemoERU\\.lake\\packages\\LeanSearchClient\\.lake\\build\\lib\\lean;C:\\Users\\duran\\RHdemoERU\\.lake\\packages\\plausible\\.lake\\build\\lib\\lean;C:\\Users\\duran\\RHdemoERU\\.lake\\packages\\mathlib\\.lake\\build\\lib\\lean;C:\\Users\\duran\\RHdemoERU\\.lake\\build\\lib\\lean c:\\Users\\duran\\.elan\\toolchains\\leanprover--lean4---v4.25.0-rc2\\bin\\lean.exe C:\\Users\\duran\\RHdemoERU\\lean\\formal_proofs\\ERURH.lean -o C:\\Users\\duran\\RHdemoERU\\.lake\\build\\lib\\lean\\ERURH.olean -i C:\\Users\\duran\\RHdemoERU\\.lake\\build\\lib\\lean\\ERURH.ilean -c C:\\Users\\duran\\RHdemoERU\\.lake\\build\\ir\\ERURH.c --setup C:\\Users\\duran\\RHdemoERU\\.lake\\build\\ir\\ERURH.setup.json --json",
   "level": "trace"}],
 "inputs":
 [["ERURH:deps",
   [["deps",
     [["eruUpgrade/ERURH:extraDep",
       [["@eruUpgrade:extraDep", "00000000000006bb"]]],
      ["imports",
       [["ERURH.BridgeCore transitive imports (legacy)", "ddac339eddba983b"],
        ["ERURH.BridgeCore:importAllArts", "0189eef27053a74d"],
        ["ERURH.Inertia transitive imports (legacy)", "8a9caa9726b2bbf2"],
        ["ERURH.Inertia:importAllArts", "91e7178d5b45bbc7"],
        ["ERURH.BridgeScaffold transitive imports (legacy)",
         "d54112c6f34a30da"],
        ["ERURH.BridgeScaffold:importAllArts", "1b1e17b5294ebb9b"],
        ["ERURH.Flux transitive imports (legacy)", "a75fa48e15604a7b"],
        ["ERURH.Flux:importAllArts", "0ee750fc650bd199"],
        ["ERURH.FluxWindows transitive imports (legacy)", "7cfa388372ddc098"],
        ["ERURH.FluxWindows:importAllArts", "d78097f343dc0371"],
        ["ERURH.FluxBounds transitive imports (legacy)", "2cea3b958f8c8edf"],
        ["ERURH.FluxBounds:importAllArts", "d322d444f9d0eb38"],
        ["ERURH.RH transitive imports (legacy)", "ddac339eddba983b"],
        ["ERURH.RH:importAllArts", "7293ff7a8c67e15d"],
        ["ERURH.ZetaLink transitive imports (legacy)", "d75fb76c10494ba0"],
        ["ERURH.ZetaLink:importAllArts", "54349a030715759d"],
        ["ERURH.PsiLayer transitive imports (legacy)", "ddac339eddba983b"],
        ["ERURH.PsiLayer:importAllArts", "d351e5d9a1f28ca6"],
        ["ERURH.ExplicitBridge transitive imports (legacy)",
         "ef7c4566b4ee12c5"],
        ["ERURH.ExplicitBridge:importAllArts", "6eb10d00b7a17b5f"],
        ["ERURH.ExpRect transitive imports (legacy)", "687b2cccd4bea8df"],
        ["ERURH.ExpRect:importAllArts", "2143e6df59f28c53"],
        ["ERURH.AnalyticWitness transitive imports (legacy)",
         "31041595347189f1"],
        ["ERURH.AnalyticWitness:importAllArts", "dde2ed78383be5ff"],
        ["ERURH.XiPrefactor transitive imports (legacy)", "feec9cce71cb8326"],
        ["ERURH.XiPrefactor:importAllArts", "b9fcc7d64096ee84"],
        ["ERURH.XiZetaIface transitive imports (legacy)", "49bfe32fbf2eeb2a"],
        ["ERURH.XiZetaIface:importAllArts", "e918dc7068115e11"],
        ["ERURH.XiWitnessAssembly transitive imports (legacy)",
         "189fdc81aa8b8bbf"],
        ["ERURH.XiWitnessAssembly:importAllArts", "ac842f37f60498d0"],
        ["ERURH.NumberTheory.VonMangoldt transitive imports (legacy)",
         "ddac339eddba983b"],
        ["ERURH.NumberTheory.VonMangoldt:importAllArts", "47da1b2f83a329cf"],
        ["ERURH.NumberTheory.Chebyshev transitive imports (legacy)",
         "b98143e796e366f9"],
        ["ERURH.NumberTheory.Chebyshev:importAllArts", "1f3d863e6a5570c9"],
        ["ERURH.XiCore transitive imports (legacy)", "7b78c111f276916e"],
        ["ERURH.XiCore:importAllArts", "b58b2e13ab2b5722"],
        ["ERURH.AlphaInterfaces transitive imports (legacy)",
         "8c5925ec1656bbb8"],
        ["ERURH.AlphaInterfaces:importAllArts", "6fafea2e398c00d2"],
        ["ERURH.Equivalence transitive imports (legacy)", "657f95c8a470e1da"],
        ["ERURH.Equivalence:importAllArts", "5d43aece7683673c"]]]]],
    ["libs",
     [["import dynlibs", "00000000000006bb"],
      ["package external libraries", "00000000000006bb"],
      ["module dynlibs", "00000000000006bb"],
      ["module plugins", "00000000000006bb"]]]]],
  ["Lean 4.25.0, commit 744f98064b056ee27fc8c97f524797c8cc96f436",
   "4bbac11c6209e48b"],
  ["C:\\Users\\duran\\RHdemoERU\\lean\\formal_proofs\\ERURH.lean",
   "5956af14540ae8ec"],
  ["options", "00000000000006bb"],
  ["Module.leanArgs: #[]", "00000000000006bb"]],
 "depHash": "725324cc7b5fc8a8"}