{"synthetic": false,
 "schemaVersion": "2025-09-10",
 "outputs":
 {"o": ["1bbc42c8da5b2f38.olean"],
  "i": "95860042d9f51d18.ilean",
  "c": "97f53f823333a532.c"},
 "log":
 [{"message":
   ".> LEAN_PATH=C:\\Users\\duran\\eru-upgrade\\.lake\\packages\\Cli\\.lake\\build\\lib\\lean;C:\\Users\\duran\\eru-upgrade\\.lake\\packages\\batteries\\.lake\\build\\lib\\lean;C:\\Users\\duran\\eru-upgrade\\.lake\\packages\\Qq\\.lake\\build\\lib\\lean;C:\\Users\\duran\\eru-upgrade\\.lake\\packages\\aesop\\.lake\\build\\lib\\lean;C:\\Users\\duran\\eru-upgrade\\.lake\\packages\\proofwidgets\\.lake\\build\\lib\\lean;C:\\Users\\duran\\eru-upgrade\\.lake\\packages\\importGraph\\.lake\\build\\lib\\lean;C:\\Users\\duran\\eru-upgrade\\.lake\\packages\\LeanSearchClient\\.lake\\build\\lib\\lean;C:\\Users\\duran\\eru-upgrade\\.lake\\packages\\plausible\\.lake\\build\\lib\\lean;C:\\Users\\duran\\eru-upgrade\\.lake\\packages\\mathlib\\.lake\\build\\lib\\lean;C:\\Users\\duran\\eru-upgrade\\.lake\\build\\lib\\lean c:\\Users\\duran\\.elan\\toolchains\\leanprover--lean4---v4.25.0-rc2\\bin\\lean.exe -R C:\\Users\\duran\\eru-upgrade\\staging\\ERURH_Staging=ERURH_Staging C:\\Users\\duran\\eru-upgrade\\formal_proofs\\ERURH\\Numeric\\Interval.lean -o C:\\Users\\duran\\eru-upgrade\\.lake\\build\\lib\\lean\\ERURH\\Numeric\\Interval.olean -i C:\\Users\\duran\\eru-upgrade\\.lake\\build\\lib\\lean\\ERURH\\Numeric\\Interval.ilean -c C:\\Users\\duran\\eru-upgrade\\.lake\\build\\ir\\ERURH\\Numeric\\Interval.c --setup C:\\Users\\duran\\eru-upgrade\\.lake\\build\\ir\\ERURH\\Numeric\\Interval.setup.json --json",
   "level": "trace"},
  {"message":
   "formal_proofs/ERURH/Numeric/Interval.lean:24:30: `structure ... :=` has been deprecated in favor of `structure ... where`.\n\nNote: This linter can be disabled with `set_option linter.deprecated false`",
   "level": "warning"},
  {"message":
   "formal_proofs/ERURH/Numeric/Interval.lean:86:6: try 'simp' instead of 'simpa'\n\nNote: This linter can be disabled with `set_option linter.unnecessarySimpa false`",
   "level": "warning"},
  {"message":
   "formal_proofs/ERURH/Numeric/Interval.lean:88:6: try 'simp' instead of 'simpa'\n\nNote: This linter can be disabled with `set_option linter.unnecessarySimpa false`",
   "level": "warning"},
  {"message":
   "formal_proofs/ERURH/Numeric/Interval.lean:127:10: try 'simp' instead of 'simpa'\n\nNote: This linter can be disabled with `set_option linter.unnecessarySimpa false`",
   "level": "warning"},
  {"message":
   "formal_proofs/ERURH/Numeric/Interval.lean:133:10: try 'simp' instead of 'simpa'\n\nNote: This linter can be disabled with `set_option linter.unnecessarySimpa false`",
   "level": "warning"},
  {"message":
   "formal_proofs/ERURH/Numeric/Interval.lean:156:10: try 'simp' instead of 'simpa'\n\nNote: This linter can be disabled with `set_option linter.unnecessarySimpa false`",
   "level": "warning"},
  {"message":
   "formal_proofs/ERURH/Numeric/Interval.lean:157:28: try 'simp' instead of 'simpa'\n\nNote: This linter can be disabled with `set_option linter.unnecessarySimpa false`",
   "level": "warning"},
  {"message":
   "formal_proofs/ERURH/Numeric/Interval.lean:163:38: try 'simp' instead of 'simpa'\n\nNote: This linter can be disabled with `set_option linter.unnecessarySimpa false`",
   "level": "warning"},
  {"message":
   "formal_proofs/ERURH/Numeric/Interval.lean:167:49: try 'simp' instead of 'simpa'\n\nNote: This linter can be disabled with `set_option linter.unnecessarySimpa false`",
   "level": "warning"},
  {"message":
   "formal_proofs/ERURH/Numeric/Interval.lean:162:45: This simp argument is unused:\n  add_left_comm\n\nHint: Omit it from the simp argument list.\n  simp [u, sub_eq_add_neg, add_comm, a̵d̵d̵_̵l̵e̵f̵t̵_̵c̵o̵m̵m̵,̵ ̵add_assoc]\n\nNote: This linter can be disabled with `set_option linter.unusedSimpArgs false`",
   "level": "warning"},
  {"message":
   "formal_proofs/ERURH/Numeric/Interval.lean:194:37: try 'simp' instead of 'simpa'\n\nNote: This linter can be disabled with `set_option linter.unnecessarySimpa false`",
   "level": "warning"},
  {"message":
   "formal_proofs/ERURH/Numeric/Interval.lean:209:8: try 'simp' instead of 'simpa'\n\nNote: This linter can be disabled with `set_option linter.unnecessarySimpa false`",
   "level": "warning"},
  {"message":
   "formal_proofs/ERURH/Numeric/Interval.lean:301:50: try 'simp' instead of 'simpa'\n\nNote: This linter can be disabled with `set_option linter.unnecessarySimpa false`",
   "level": "warning"},
  {"message":
   "formal_proofs/ERURH/Numeric/Interval.lean:303:40: try 'simp' instead of 'simpa'\n\nNote: This linter can be disabled with `set_option linter.unnecessarySimpa false`",
   "level": "warning"},
  {"message":
   "formal_proofs/ERURH/Numeric/Interval.lean:261:5: unused variable `hab`\n\nNote: This linter can be disabled with `set_option linter.unusedVariables false`",
   "level": "warning"},
  {"message":
   "formal_proofs/ERURH/Numeric/Interval.lean:261:19: unused variable `hL`\n\nNote: This linter can be disabled with `set_option linter.unusedVariables false`",
   "level": "warning"},
  {"message":
   "formal_proofs/ERURH/Numeric/Interval.lean:353:36: try 'simp' instead of 'simpa'\n\nNote: This linter can be disabled with `set_option linter.unnecessarySimpa false`",
   "level": "warning"}],
 "inputs":
 [["ERURH.Numeric.Interval:deps",
   [["deps",
     [["eruUpgrade/ERURH:extraDep",
       [["@eruUpgrade:extraDep", "00000000000006bb"]]],
      ["imports",
       [["Mathlib transitive imports (legacy)", "a0ca2a892907ac51"],
        ["Mathlib:importAllArts", "df1cb5b10cdbedab"],
        ["ERURH.Numeric.Semantics transitive imports (legacy)",
         "8a90d9840a5dcea8"],
        ["ERURH.Numeric.Semantics:importAllArts", "a0f7d1b2a28a6c06"]]]]],
    ["libs",
     [["import dynlibs", "00000000000006bb"],
      ["package external libraries", "00000000000006bb"],
      ["module dynlibs", "00000000000006bb"],
      ["module plugins", "00000000000006bb"]]]]],
  ["Lean 4.25.0, commit 744f98064b056ee27fc8c97f524797c8cc96f436",
   "4bbac11c6209e48b"],
  ["C:\\Users\\duran\\eru-upgrade\\formal_proofs\\ERURH\\Numeric\\Interval.lean",
   "590838314fbe9a51"],
  ["options", "00000000000006bb"],
  ["Module.leanArgs: #[-R, C:\\Users\\duran\\eru-upgrade\\staging\\ERURH_Staging=ERURH_Staging]",
   "1aa5feeb7f03338b"]],
 "depHash": "7014d3f87fedde31"}