{"synthetic": false,
 "schemaVersion": "2025-09-10",
 "outputs":
 {"o": ["c940aaf47681df48.olean"],
  "i": "d1cd3d7f6236c3ab.ilean",
  "c": "7088831e0d376aa7.c"},
 "log":
 [{"message":
   ".> LEAN_PATH=C:\\Users\\duran\\eru-upgrade\\.lake\\packages\\Cli\\.lake\\build\\lib\\lean;C:\\Users\\duran\\eru-upgrade\\.lake\\packages\\batteries\\.lake\\build\\lib\\lean;C:\\Users\\duran\\eru-upgrade\\.lake\\packages\\Qq\\.lake\\build\\lib\\lean;C:\\Users\\duran\\eru-upgrade\\.lake\\packages\\aesop\\.lake\\build\\lib\\lean;C:\\Users\\duran\\eru-upgrade\\.lake\\packages\\proofwidgets\\.lake\\build\\lib\\lean;C:\\Users\\duran\\eru-upgrade\\.lake\\packages\\importGraph\\.lake\\build\\lib\\lean;C:\\Users\\duran\\eru-upgrade\\.lake\\packages\\LeanSearchClient\\.lake\\build\\lib\\lean;C:\\Users\\duran\\eru-upgrade\\.lake\\packages\\plausible\\.lake\\build\\lib\\lean;C:\\Users\\duran\\eru-upgrade\\.lake\\packages\\mathlib\\.lake\\build\\lib\\lean;C:\\Users\\duran\\eru-upgrade\\.lake\\build\\lib\\lean c:\\Users\\duran\\.elan\\toolchains\\leanprover--lean4---v4.25.0-rc2\\bin\\lean.exe -R C:\\Users\\duran\\eru-upgrade\\staging\\ERURH_Staging=ERURH_Staging C:\\Users\\duran\\eru-upgrade\\formal_proofs\\ERURH\\Numeric\\IntervalLite.lean -o C:\\Users\\duran\\eru-upgrade\\.lake\\build\\lib\\lean\\ERURH\\Numeric\\IntervalLite.olean -i C:\\Users\\duran\\eru-upgrade\\.lake\\build\\lib\\lean\\ERURH\\Numeric\\IntervalLite.ilean -c C:\\Users\\duran\\eru-upgrade\\.lake\\build\\ir\\ERURH\\Numeric\\IntervalLite.c --setup C:\\Users\\duran\\eru-upgrade\\.lake\\build\\ir\\ERURH\\Numeric\\IntervalLite.setup.json --json",
   "level": "trace"},
  {"message":
   "formal_proofs/ERURH/Numeric/IntervalLite.lean:8:35: `structure ... :=` has been deprecated in favor of `structure ... where`.\n\nNote: This linter can be disabled with `set_option linter.deprecated false`",
   "level": "warning"}],
 "inputs":
 [["ERURH.Numeric.IntervalLite:deps",
   [["deps",
     [["eruUpgrade/ERURH:extraDep",
       [["@eruUpgrade:extraDep", "00000000000006bb"]]],
      ["imports",
       [["ERURH.Numeric.Semantics transitive imports (legacy)",
         "8a90d9840a5dcea8"],
        ["ERURH.Numeric.Semantics:importAllArts", "a0f7d1b2a28a6c06"]]]]],
    ["libs",
     [["import dynlibs", "00000000000006bb"],
      ["package external libraries", "00000000000006bb"],
      ["module dynlibs", "00000000000006bb"],
      ["module plugins", "00000000000006bb"]]]]],
  ["Lean 4.25.0, commit 744f98064b056ee27fc8c97f524797c8cc96f436",
   "4bbac11c6209e48b"],
  ["C:\\Users\\duran\\eru-upgrade\\formal_proofs\\ERURH\\Numeric\\IntervalLite.lean",
   "cdc2f7ed43203bf9"],
  ["options", "00000000000006bb"],
  ["Module.leanArgs: #[-R, C:\\Users\\duran\\eru-upgrade\\staging\\ERURH_Staging=ERURH_Staging]",
   "1aa5feeb7f03338b"]],
 "depHash": "c714f2ab82f9c225"}