{"synthetic": false,
 "schemaVersion": "2025-09-10",
 "outputs":
 {"o": ["efbc9dddee5e9559.olean"],
  "i": "5a9eff260b54fce4.ilean",
  "c": "58d9e3d3fbd0f12e.c"},
 "log":
 [{"message":
   ".> LEAN_PATH=C:\\dev\\RH_demo_clean\\.lake\\packages\\Cli\\.lake\\build\\lib\\lean;C:\\dev\\RH_demo_clean\\.lake\\packages\\batteries\\.lake\\build\\lib\\lean;C:\\dev\\RH_demo_clean\\.lake\\packages\\Qq\\.lake\\build\\lib\\lean;C:\\dev\\RH_demo_clean\\.lake\\packages\\aesop\\.lake\\build\\lib\\lean;C:\\dev\\RH_demo_clean\\.lake\\packages\\proofwidgets\\.lake\\build\\lib\\lean;C:\\dev\\RH_demo_clean\\.lake\\packages\\importGraph\\.lake\\build\\lib\\lean;C:\\dev\\RH_demo_clean\\.lake\\packages\\LeanSearchClient\\.lake\\build\\lib\\lean;C:\\dev\\RH_demo_clean\\.lake\\packages\\plausible\\.lake\\build\\lib\\lean;C:\\dev\\RH_demo_clean\\.lake\\packages\\mathlib\\.lake\\build\\lib\\lean;C:\\dev\\RH_demo_clean\\.lake\\build\\lib\\lean c:\\Users\\duran\\.elan\\toolchains\\leanprover--lean4---v4.25.0-rc2\\bin\\lean.exe C:\\dev\\RH_demo_clean\\lean\\formal_proofs\\ERURH\\Numeric\\Semantics.lean -o C:\\dev\\RH_demo_clean\\.lake\\build\\lib\\lean\\ERURH\\Numeric\\Semantics.olean -i C:\\dev\\RH_demo_clean\\.lake\\build\\lib\\lean\\ERURH\\Numeric\\Semantics.ilean -c C:\\dev\\RH_demo_clean\\.lake\\build\\ir\\ERURH\\Numeric\\Semantics.c --setup C:\\dev\\RH_demo_clean\\.lake\\build\\ir\\ERURH\\Numeric\\Semantics.setup.json --json",
   "level": "trace"}],
 "inputs":
 [["ERURH.Numeric.Semantics:deps",
   [["deps",
     [["eruUpgrade/ERURH:extraDep",
       [["@eruUpgrade:extraDep", "00000000000006bb"]]],
      ["imports",
       [["Mathlib transitive imports (legacy)", "219f0ed9b2c3db67"],
        ["Mathlib:importAllArts", "df1cb5b10cdbedab"],
        ["Mathlib.Data.Real.Basic transitive imports (legacy)",
         "07ca8c43b83c8a01"],
        ["Mathlib.Data.Real.Basic:importAllArts", "d94a8c86272d2e03"],
        ["Mathlib.Data.Complex.Basic transitive imports (legacy)",
         "1d386963d74edfe6"],
        ["Mathlib.Data.Complex.Basic:importAllArts", "201a2112055f6669"],
        ["Mathlib.Analysis.SpecialFunctions.Log.Basic transitive imports (legacy)",
         "fd8353a4eec6ac2d"],
        ["Mathlib.Analysis.SpecialFunctions.Log.Basic:importAllArts",
         "b99762f519b7c2e1"],
        ["Mathlib.Analysis.SpecialFunctions.Complex.Log transitive imports (legacy)",
         "5df032483f494b3d"],
        ["Mathlib.Analysis.SpecialFunctions.Complex.Log:importAllArts",
         "fa0fe533025d6cb2"],
        ["Mathlib.Analysis.SpecialFunctions.Gamma.Basic transitive imports (legacy)",
         "e4c4babeb556a053"],
        ["Mathlib.Analysis.SpecialFunctions.Gamma.Basic:importAllArts",
         "16b7b740e823d8d0"],
        ["Mathlib.Analysis.Calculus.Deriv.Basic transitive imports (legacy)",
         "13b5135c115a4108"],
        ["Mathlib.Analysis.Calculus.Deriv.Basic:importAllArts",
         "0b2986a05b372a38"],
        ["Mathlib.NumberTheory.LSeries.RiemannZeta transitive imports (legacy)",
         "2661e567b1c96550"],
        ["Mathlib.NumberTheory.LSeries.RiemannZeta:importAllArts",
         "eabf20149d4c53c7"],
        ["ERURH.RH transitive imports (legacy)", "cc82ba57b80628b3"],
        ["ERURH.RH:importAllArts", "7293ff7a8c67e15d"]]]]],
    ["libs",
     [["import dynlibs", "00000000000006bb"],
      ["package external libraries", "00000000000006bb"],
      ["module dynlibs", "00000000000006bb"],
      ["module plugins", "00000000000006bb"]]]]],
  ["Lean 4.25.0, commit 744f98064b056ee27fc8c97f524797c8cc96f436",
   "4bbac11c6209e48b"],
  ["C:\\dev\\RH_demo_clean\\lean\\formal_proofs\\ERURH\\Numeric\\Semantics.lean",
   "8ce8346d90607473"],
  ["options", "00000000000006bb"],
  ["Module.leanArgs: #[]", "00000000000006bb"]],
 "depHash": "299717564df5d6cf"}